Arguments: 
  C:\Program Files\nodejs\node.exe C:\Program Files (x86)\Yarn\bin\yarn.js install

PATH: 
  C:\Users\ghazi\Desktop\Cmder\bin;C:\Users\ghazi\Desktop\Cmder\vendor\bin;C:\Users\ghazi\Desktop\Cmder\vendor\conemu-maximus5\ConEmu\Scripts;C:\Users\ghazi\Desktop\Cmder\vendor\conemu-maximus5;C:\Users\ghazi\Desktop\Cmder\vendor\conemu-maximus5\ConEmu;C:\Program Files (x86)\Razer Chroma SDK\bin;C:\Program Files\Razer Chroma SDK\bin;C:\Program Files (x86)\Intel\iCLS Client\;C:\Program Files\Intel\iCLS Client\;C:\Windows\system32;C:\Windows;C:\Windows\System32\Wbem;C:\Windows\System32\WindowsPowerShell\v1.0\;C:\Program Files (x86)\NVIDIA Corporation\PhysX\Common;C:\Program Files\Microsoft SQL Server\120\Tools\Binn\;C:\WINDOWS\system32;C:\WINDOWS;C:\WINDOWS\System32\Wbem;C:\WINDOWS\System32\WindowsPowerShell\v1.0\;C:\WINDOWS\System32\OpenSSH\;C:\Program Files (x86)\Intel\Intel(R) Management Engine Components\DAL;C:\Program Files\Intel\Intel(R) Management Engine Components\DAL;C:\Program Files (x86)\Intel\Intel(R) Management Engine Components\IPT;C:\Program Files\Intel\Intel(R) Management Engine Components\IPT;C:\WINDOWS\system32\config\systemprofile\AppData\Local\Microsoft\WindowsApps;C:\Program Files\Git\cmd;C:\sqlite3;C:\Users\ghazi\AppData\Roaming\nvm;C:\Program Files\nodejs;C:\Program Files\MongoDB\Server\4.0\bin\mongod.exe;C:\Program Files (x86)\Yarn\bin\;C:\Users\ghazi\AppData\Local\Microsoft\WindowsApps;C:\Users\ghazi\AppData\Local\atom\bin;C:\Users\ghazi\AppData\Roaming\npm;C:\Program Files\heroku\bin;C:\Users\ghazi\AppData\Roaming\nvm;C:\Program Files\nodejs;C:\Users\ghazi\AppData\Local\Programs\Microsoft VS Code\bin;C:\Users\ghazi\AppData\Local\GitHubDesktop\bin;C:\Program Files\MongoDB\Server\4.0\bin\;C:\Users\ghazi\AppData\Local\Yarn\bin;C:\Program Files\Git\cmd;C:\Program Files\Git\mingw64\bin;C:\Program Files\Git\usr\bin;C:\Users\ghazi\Desktop\Cmder

Yarn version: 
  1.12.3

Node version: 
  11.1.0

Platform: 
  win32 x64

Trace: 
  SyntaxError: C:\Users\ghazi\Desktop\Thesis-Project\package.json: Unexpected end of JSON input
      at JSON.parse (<anonymous>)
      at C:\Program Files (x86)\Yarn\lib\cli.js:1631:59
      at Generator.next (<anonymous>)
      at step (C:\Program Files (x86)\Yarn\lib\cli.js:304:30)
      at C:\Program Files (x86)\Yarn\lib\cli.js:315:13

npm manifest: 
  

yarn manifest: 
  No manifest

Lockfile: 
  No lockfile
